<?xml version="1.0" encoding="UTF-8"?>
<testsuite xmlns:xsi="http://www.w3.org/2001/XMLSchema-instance" xsi:noNamespaceSchemaLocation="https://maven.apache.org/surefire/maven-surefire-plugin/xsd/surefire-test-report-3.0.xsd" version="3.0" name="runner.TestRunner" time="53.384" tests="21" errors="0" skipped="0" failures="0">
  <properties>
    <property name="java.specification.version" value="14"/>
    <property name="sun.cpu.isalist" value="amd64"/>
    <property name="sun.jnu.encoding" value="Cp1252"/>
    <property name="java.class.path" value="C:\Users\rayl5\Documents\Study\com.tekschool.retail\target\test-classes;C:\Users\rayl5\Documents\Study\com.tekschool.retail\target\classes;C:\Users\rayl5\.m2\repository\junit\junit\4.13\junit-4.13.jar;C:\Users\rayl5\.m2\repository\org\hamcrest\hamcrest-core\1.3\hamcrest-core-1.3.jar;C:\Users\rayl5\.m2\repository\org\seleniumhq\selenium\selenium-java\3.7.0\selenium-java-3.7.0.jar;C:\Users\rayl5\.m2\repository\org\seleniumhq\selenium\selenium-api\3.7.0\selenium-api-3.7.0.jar;C:\Users\rayl5\.m2\repository\org\seleniumhq\selenium\selenium-chrome-driver\3.7.0\selenium-chrome-driver-3.7.0.jar;C:\Users\rayl5\.m2\repository\org\seleniumhq\selenium\selenium-edge-driver\3.7.0\selenium-edge-driver-3.7.0.jar;C:\Users\rayl5\.m2\repository\org\seleniumhq\selenium\selenium-firefox-driver\3.7.0\selenium-firefox-driver-3.7.0.jar;C:\Users\rayl5\.m2\repository\org\seleniumhq\selenium\selenium-ie-driver\3.7.0\selenium-ie-driver-3.7.0.jar;C:\Users\rayl5\.m2\repository\org\seleniumhq\selenium\selenium-opera-driver\3.7.0\selenium-opera-driver-3.7.0.jar;C:\Users\rayl5\.m2\repository\org\seleniumhq\selenium\selenium-remote-driver\3.7.0\selenium-remote-driver-3.7.0.jar;C:\Users\rayl5\.m2\repository\org\seleniumhq\selenium\selenium-safari-driver\3.7.0\selenium-safari-driver-3.7.0.jar;C:\Users\rayl5\.m2\repository\org\seleniumhq\selenium\selenium-support\3.7.0\selenium-support-3.7.0.jar;C:\Users\rayl5\.m2\repository\net\bytebuddy\byte-buddy\1.7.5\byte-buddy-1.7.5.jar;C:\Users\rayl5\.m2\repository\org\apache\commons\commons-exec\1.3\commons-exec-1.3.jar;C:\Users\rayl5\.m2\repository\commons-codec\commons-codec\1.10\commons-codec-1.10.jar;C:\Users\rayl5\.m2\repository\commons-logging\commons-logging\1.2\commons-logging-1.2.jar;C:\Users\rayl5\.m2\repository\com\google\code\gson\gson\2.8.2\gson-2.8.2.jar;C:\Users\rayl5\.m2\repository\com\google\guava\guava\23.0\guava-23.0.jar;C:\Users\rayl5\.m2\repository\com\google\code\findbugs\jsr305\1.3.9\jsr305-1.3.9.jar;C:\Users\rayl5\.m2\repository\com\google\errorprone\error_prone_annotations\2.0.18\error_prone_annotations-2.0.18.jar;C:\Users\rayl5\.m2\repository\com\google\j2objc\j2objc-annotations\1.1\j2objc-annotations-1.1.jar;C:\Users\rayl5\.m2\repository\org\codehaus\mojo\animal-sniffer-annotations\1.14\animal-sniffer-annotations-1.14.jar;C:\Users\rayl5\.m2\repository\org\apache\httpcomponents\httpclient\4.5.3\httpclient-4.5.3.jar;C:\Users\rayl5\.m2\repository\org\apache\httpcomponents\httpcore\4.4.6\httpcore-4.4.6.jar;C:\Users\rayl5\.m2\repository\info\cukes\cucumber-java\1.2.5\cucumber-java-1.2.5.jar;C:\Users\rayl5\.m2\repository\info\cukes\cucumber-core\1.2.5\cucumber-core-1.2.5.jar;C:\Users\rayl5\.m2\repository\info\cukes\cucumber-html\0.2.3\cucumber-html-0.2.3.jar;C:\Users\rayl5\.m2\repository\info\cukes\gherkin\2.12.2\gherkin-2.12.2.jar;C:\Users\rayl5\.m2\repository\info\cukes\cucumber-jvm-deps\1.0.5\cucumber-jvm-deps-1.0.5.jar;C:\Users\rayl5\.m2\repository\info\cukes\cucumber-junit\1.2.5\cucumber-junit-1.2.5.jar;C:\Users\rayl5\.m2\repository\com\vimalselvam\cucumber-extentsreport\3.0.2\cucumber-extentsreport-3.0.2.jar;C:\Users\rayl5\.m2\repository\com\aventstack\extentreports\3.1.2\extentreports-3.1.2.jar;C:\Users\rayl5\.m2\repository\org\freemarker\freemarker\2.3.23\freemarker-2.3.23.jar;C:\Users\rayl5\.m2\repository\org\mongodb\mongodb-driver\3.3.0\mongodb-driver-3.3.0.jar;C:\Users\rayl5\.m2\repository\org\mongodb\bson\3.3.0\bson-3.3.0.jar;C:\Users\rayl5\.m2\repository\org\mongodb\mongodb-driver-core\3.3.0\mongodb-driver-core-3.3.0.jar;C:\Users\rayl5\.m2\repository\org\apache\httpcomponents\httpmime\4.5.2\httpmime-4.5.2.jar;C:\Users\rayl5\.m2\repository\org\jsoup\jsoup\1.9.2\jsoup-1.9.2.jar;C:\Users\rayl5\.m2\repository\org\apache\poi\poi\3.17\poi-3.17.jar;C:\Users\rayl5\.m2\repository\org\apache\commons\commons-collections4\4.1\commons-collections4-4.1.jar;C:\Users\rayl5\.m2\repository\org\apache\poi\poi-ooxml\3.17\poi-ooxml-3.17.jar;C:\Users\rayl5\.m2\repository\com\github\virtuald\curvesapi\1.04\curvesapi-1.04.jar;C:\Users\rayl5\.m2\repository\com\github\stephenc\monte\monte-screen-recorder\0.7.7.0\monte-screen-recorder-0.7.7.0.jar;C:\Users\rayl5\.m2\repository\org\apache\poi\poi-ooxml-schemas\3.9\poi-ooxml-schemas-3.9.jar;C:\Users\rayl5\.m2\repository\org\apache\xmlbeans\xmlbeans\2.3.0\xmlbeans-2.3.0.jar;C:\Users\rayl5\.m2\repository\stax\stax-api\1.0.1\stax-api-1.0.1.jar;C:\Users\rayl5\.m2\repository\org\apache\poi\poi-scratchpad\3.9\poi-scratchpad-3.9.jar;C:\Users\rayl5\.m2\repository\org\apache\poi\ooxml-schemas\1.1\ooxml-schemas-1.1.jar;C:\Users\rayl5\.m2\repository\org\apache\poi\openxml4j\1.0-beta\openxml4j-1.0-beta.jar;C:\Users\rayl5\.m2\repository\dom4j\dom4j\1.6.1\dom4j-1.6.1.jar;C:\Users\rayl5\.m2\repository\xml-apis\xml-apis\1.0.b2\xml-apis-1.0.b2.jar;C:\Users\rayl5\.m2\repository\log4j\log4j\1.2.8\log4j-1.2.8.jar;C:\Users\rayl5\.m2\repository\io\github\bonigarcia\webdrivermanager\3.6.2\webdrivermanager-3.6.2.jar;C:\Users\rayl5\.m2\repository\org\slf4j\slf4j-api\1.7.25\slf4j-api-1.7.25.jar;C:\Users\rayl5\.m2\repository\org\apache\commons\commons-lang3\3.8.1\commons-lang3-3.8.1.jar;C:\Users\rayl5\.m2\repository\org\rauschig\jarchivelib\1.0.0\jarchivelib-1.0.0.jar;C:\Users\rayl5\.m2\repository\org\apache\commons\commons-compress\1.18\commons-compress-1.18.jar;C:\Users\rayl5\.m2\repository\net\masterthought\cucumber-reporting\3.8.0\cucumber-reporting-3.8.0.jar;C:\Users\rayl5\.m2\repository\org\apache\logging\log4j\log4j-core\2.6\log4j-core-2.6.jar;C:\Users\rayl5\.m2\repository\com\fasterxml\jackson\core\jackson-databind\2.8.5\jackson-databind-2.8.5.jar;C:\Users\rayl5\.m2\repository\com\fasterxml\jackson\core\jackson-annotations\2.8.0\jackson-annotations-2.8.0.jar;C:\Users\rayl5\.m2\repository\com\fasterxml\jackson\core\jackson-core\2.8.5\jackson-core-2.8.5.jar;C:\Users\rayl5\.m2\repository\org\apache\velocity\velocity\1.7\velocity-1.7.jar;C:\Users\rayl5\.m2\repository\commons-collections\commons-collections\3.2.1\commons-collections-3.2.1.jar;C:\Users\rayl5\.m2\repository\commons-lang\commons-lang\2.4\commons-lang-2.4.jar;C:\Users\rayl5\.m2\repository\velocity-tools\velocity-tools\1.4\velocity-tools-1.4.jar;C:\Users\rayl5\.m2\repository\joda-time\joda-time\2.9.6\joda-time-2.9.6.jar;C:\Users\rayl5\.m2\repository\net\lingala\zip4j\zip4j\1.3.2\zip4j-1.3.2.jar;C:\Users\rayl5\.m2\repository\org\codehaus\plexus\plexus-utils\3.0.24\plexus-utils-3.0.24.jar;C:\Users\rayl5\.m2\repository\com\googlecode\owasp-java-html-sanitizer\owasp-java-html-sanitizer\20160924.1\owasp-java-html-sanitizer-20160924.1.jar;C:\Users\rayl5\.m2\repository\org\slf4j\slf4j-simple\1.7.12\slf4j-simple-1.7.12.jar;C:\Users\rayl5\.m2\repository\commons-io\commons-io\2.5\commons-io-2.5.jar;C:\Users\rayl5\.m2\repository\postgresql\postgresql\9.1-901-1.jdbc4\postgresql-9.1-901-1.jdbc4.jar;C:\Users\rayl5\.m2\repository\com\opencsv\opencsv\3.8\opencsv-3.8.jar;C:\Users\rayl5\.m2\repository\commons-beanutils\commons-beanutils\1.9.2\commons-beanutils-1.9.2.jar;C:\Users\rayl5\.m2\repository\org\apache\logging\log4j\log4j-api\2.9.1\log4j-api-2.9.1.jar;"/>
    <property name="java.vm.vendor" value="Oracle Corporation"/>
    <property name="sun.arch.data.model" value="64"/>
    <property name="user.variant" value=""/>
    <property name="java.vendor.url" value="https://java.oracle.com/"/>
    <property name="user.timezone" value="America/New_York"/>
    <property name="os.name" value="Windows 10"/>
    <property name="java.vm.specification.version" value="14"/>
    <property name="sun.java.launcher" value="SUN_STANDARD"/>
    <property name="user.country" value="US"/>
    <property name="sun.boot.library.path" value="C:\Users\rayl5\.p2\pool\plugins\org.eclipse.justj.openjdk.hotspot.jre.full.win32.x86_64_14.0.2.v20200815-0932\jre\bin"/>
    <property name="sun.java.command" value="C:\Users\rayl5\AppData\Local\Temp\surefire12138054627991207828\surefirebooter9657267283549194696.jar C:\Users\rayl5\AppData\Local\Temp\surefire12138054627991207828 2021-02-02T18-47-25_056-jvmRun1 surefire4324468556803388882tmp surefire_01435540722725458135tmp"/>
    <property name="jdk.debug" value="release"/>
    <property name="surefire.test.class.path" value="C:\Users\rayl5\Documents\Study\com.tekschool.retail\target\test-classes;C:\Users\rayl5\Documents\Study\com.tekschool.retail\target\classes;C:\Users\rayl5\.m2\repository\junit\junit\4.13\junit-4.13.jar;C:\Users\rayl5\.m2\repository\org\hamcrest\hamcrest-core\1.3\hamcrest-core-1.3.jar;C:\Users\rayl5\.m2\repository\org\seleniumhq\selenium\selenium-java\3.7.0\selenium-java-3.7.0.jar;C:\Users\rayl5\.m2\repository\org\seleniumhq\selenium\selenium-api\3.7.0\selenium-api-3.7.0.jar;C:\Users\rayl5\.m2\repository\org\seleniumhq\selenium\selenium-chrome-driver\3.7.0\selenium-chrome-driver-3.7.0.jar;C:\Users\rayl5\.m2\repository\org\seleniumhq\selenium\selenium-edge-driver\3.7.0\selenium-edge-driver-3.7.0.jar;C:\Users\rayl5\.m2\repository\org\seleniumhq\selenium\selenium-firefox-driver\3.7.0\selenium-firefox-driver-3.7.0.jar;C:\Users\rayl5\.m2\repository\org\seleniumhq\selenium\selenium-ie-driver\3.7.0\selenium-ie-driver-3.7.0.jar;C:\Users\rayl5\.m2\repository\org\seleniumhq\selenium\selenium-opera-driver\3.7.0\selenium-opera-driver-3.7.0.jar;C:\Users\rayl5\.m2\repository\org\seleniumhq\selenium\selenium-remote-driver\3.7.0\selenium-remote-driver-3.7.0.jar;C:\Users\rayl5\.m2\repository\org\seleniumhq\selenium\selenium-safari-driver\3.7.0\selenium-safari-driver-3.7.0.jar;C:\Users\rayl5\.m2\repository\org\seleniumhq\selenium\selenium-support\3.7.0\selenium-support-3.7.0.jar;C:\Users\rayl5\.m2\repository\net\bytebuddy\byte-buddy\1.7.5\byte-buddy-1.7.5.jar;C:\Users\rayl5\.m2\repository\org\apache\commons\commons-exec\1.3\commons-exec-1.3.jar;C:\Users\rayl5\.m2\repository\commons-codec\commons-codec\1.10\commons-codec-1.10.jar;C:\Users\rayl5\.m2\repository\commons-logging\commons-logging\1.2\commons-logging-1.2.jar;C:\Users\rayl5\.m2\repository\com\google\code\gson\gson\2.8.2\gson-2.8.2.jar;C:\Users\rayl5\.m2\repository\com\google\guava\guava\23.0\guava-23.0.jar;C:\Users\rayl5\.m2\repository\com\google\code\findbugs\jsr305\1.3.9\jsr305-1.3.9.jar;C:\Users\rayl5\.m2\repository\com\google\errorprone\error_prone_annotations\2.0.18\error_prone_annotations-2.0.18.jar;C:\Users\rayl5\.m2\repository\com\google\j2objc\j2objc-annotations\1.1\j2objc-annotations-1.1.jar;C:\Users\rayl5\.m2\repository\org\codehaus\mojo\animal-sniffer-annotations\1.14\animal-sniffer-annotations-1.14.jar;C:\Users\rayl5\.m2\repository\org\apache\httpcomponents\httpclient\4.5.3\httpclient-4.5.3.jar;C:\Users\rayl5\.m2\repository\org\apache\httpcomponents\httpcore\4.4.6\httpcore-4.4.6.jar;C:\Users\rayl5\.m2\repository\info\cukes\cucumber-java\1.2.5\cucumber-java-1.2.5.jar;C:\Users\rayl5\.m2\repository\info\cukes\cucumber-core\1.2.5\cucumber-core-1.2.5.jar;C:\Users\rayl5\.m2\repository\info\cukes\cucumber-html\0.2.3\cucumber-html-0.2.3.jar;C:\Users\rayl5\.m2\repository\info\cukes\gherkin\2.12.2\gherkin-2.12.2.jar;C:\Users\rayl5\.m2\repository\info\cukes\cucumber-jvm-deps\1.0.5\cucumber-jvm-deps-1.0.5.jar;C:\Users\rayl5\.m2\repository\info\cukes\cucumber-junit\1.2.5\cucumber-junit-1.2.5.jar;C:\Users\rayl5\.m2\repository\com\vimalselvam\cucumber-extentsreport\3.0.2\cucumber-extentsreport-3.0.2.jar;C:\Users\rayl5\.m2\repository\com\aventstack\extentreports\3.1.2\extentreports-3.1.2.jar;C:\Users\rayl5\.m2\repository\org\freemarker\freemarker\2.3.23\freemarker-2.3.23.jar;C:\Users\rayl5\.m2\repository\org\mongodb\mongodb-driver\3.3.0\mongodb-driver-3.3.0.jar;C:\Users\rayl5\.m2\repository\org\mongodb\bson\3.3.0\bson-3.3.0.jar;C:\Users\rayl5\.m2\repository\org\mongodb\mongodb-driver-core\3.3.0\mongodb-driver-core-3.3.0.jar;C:\Users\rayl5\.m2\repository\org\apache\httpcomponents\httpmime\4.5.2\httpmime-4.5.2.jar;C:\Users\rayl5\.m2\repository\org\jsoup\jsoup\1.9.2\jsoup-1.9.2.jar;C:\Users\rayl5\.m2\repository\org\apache\poi\poi\3.17\poi-3.17.jar;C:\Users\rayl5\.m2\repository\org\apache\commons\commons-collections4\4.1\commons-collections4-4.1.jar;C:\Users\rayl5\.m2\repository\org\apache\poi\poi-ooxml\3.17\poi-ooxml-3.17.jar;C:\Users\rayl5\.m2\repository\com\github\virtuald\curvesapi\1.04\curvesapi-1.04.jar;C:\Users\rayl5\.m2\repository\com\github\stephenc\monte\monte-screen-recorder\0.7.7.0\monte-screen-recorder-0.7.7.0.jar;C:\Users\rayl5\.m2\repository\org\apache\poi\poi-ooxml-schemas\3.9\poi-ooxml-schemas-3.9.jar;C:\Users\rayl5\.m2\repository\org\apache\xmlbeans\xmlbeans\2.3.0\xmlbeans-2.3.0.jar;C:\Users\rayl5\.m2\repository\stax\stax-api\1.0.1\stax-api-1.0.1.jar;C:\Users\rayl5\.m2\repository\org\apache\poi\poi-scratchpad\3.9\poi-scratchpad-3.9.jar;C:\Users\rayl5\.m2\repository\org\apache\poi\ooxml-schemas\1.1\ooxml-schemas-1.1.jar;C:\Users\rayl5\.m2\repository\org\apache\poi\openxml4j\1.0-beta\openxml4j-1.0-beta.jar;C:\Users\rayl5\.m2\repository\dom4j\dom4j\1.6.1\dom4j-1.6.1.jar;C:\Users\rayl5\.m2\repository\xml-apis\xml-apis\1.0.b2\xml-apis-1.0.b2.jar;C:\Users\rayl5\.m2\repository\log4j\log4j\1.2.8\log4j-1.2.8.jar;C:\Users\rayl5\.m2\repository\io\github\bonigarcia\webdrivermanager\3.6.2\webdrivermanager-3.6.2.jar;C:\Users\rayl5\.m2\repository\org\slf4j\slf4j-api\1.7.25\slf4j-api-1.7.25.jar;C:\Users\rayl5\.m2\repository\org\apache\commons\commons-lang3\3.8.1\commons-lang3-3.8.1.jar;C:\Users\rayl5\.m2\repository\org\rauschig\jarchivelib\1.0.0\jarchivelib-1.0.0.jar;C:\Users\rayl5\.m2\repository\org\apache\commons\commons-compress\1.18\commons-compress-1.18.jar;C:\Users\rayl5\.m2\repository\net\masterthought\cucumber-reporting\3.8.0\cucumber-reporting-3.8.0.jar;C:\Users\rayl5\.m2\repository\org\apache\logging\log4j\log4j-core\2.6\log4j-core-2.6.jar;C:\Users\rayl5\.m2\repository\com\fasterxml\jackson\core\jackson-databind\2.8.5\jackson-databind-2.8.5.jar;C:\Users\rayl5\.m2\repository\com\fasterxml\jackson\core\jackson-annotations\2.8.0\jackson-annotations-2.8.0.jar;C:\Users\rayl5\.m2\repository\com\fasterxml\jackson\core\jackson-core\2.8.5\jackson-core-2.8.5.jar;C:\Users\rayl5\.m2\repository\org\apache\velocity\velocity\1.7\velocity-1.7.jar;C:\Users\rayl5\.m2\repository\commons-collections\commons-collections\3.2.1\commons-collections-3.2.1.jar;C:\Users\rayl5\.m2\repository\commons-lang\commons-lang\2.4\commons-lang-2.4.jar;C:\Users\rayl5\.m2\repository\velocity-tools\velocity-tools\1.4\velocity-tools-1.4.jar;C:\Users\rayl5\.m2\repository\joda-time\joda-time\2.9.6\joda-time-2.9.6.jar;C:\Users\rayl5\.m2\repository\net\lingala\zip4j\zip4j\1.3.2\zip4j-1.3.2.jar;C:\Users\rayl5\.m2\repository\org\codehaus\plexus\plexus-utils\3.0.24\plexus-utils-3.0.24.jar;C:\Users\rayl5\.m2\repository\com\googlecode\owasp-java-html-sanitizer\owasp-java-html-sanitizer\20160924.1\owasp-java-html-sanitizer-20160924.1.jar;C:\Users\rayl5\.m2\repository\org\slf4j\slf4j-simple\1.7.12\slf4j-simple-1.7.12.jar;C:\Users\rayl5\.m2\repository\commons-io\commons-io\2.5\commons-io-2.5.jar;C:\Users\rayl5\.m2\repository\postgresql\postgresql\9.1-901-1.jdbc4\postgresql-9.1-901-1.jdbc4.jar;C:\Users\rayl5\.m2\repository\com\opencsv\opencsv\3.8\opencsv-3.8.jar;C:\Users\rayl5\.m2\repository\commons-beanutils\commons-beanutils\1.9.2\commons-beanutils-1.9.2.jar;C:\Users\rayl5\.m2\repository\org\apache\logging\log4j\log4j-api\2.9.1\log4j-api-2.9.1.jar;"/>
    <property name="sun.cpu.endian" value="little"/>
    <property name="user.home" value="C:\Users\rayl5"/>
    <property name="user.language" value="en"/>
    <property name="java.specification.vendor" value="Oracle Corporation"/>
    <property name="java.version.date" value="2020-07-14"/>
    <property name="java.home" value="C:\Users\rayl5\.p2\pool\plugins\org.eclipse.justj.openjdk.hotspot.jre.full.win32.x86_64_14.0.2.v20200815-0932\jre"/>
    <property name="file.separator" value="\"/>
    <property name="basedir" value="C:\Users\rayl5\Documents\Study\com.tekschool.retail"/>
    <property name="java.vm.compressedOopsMode" value="32-bit"/>
    <property name="line.separator" value="&#10;"/>
    <property name="java.vm.specification.vendor" value="Oracle Corporation"/>
    <property name="java.specification.name" value="Java Platform API Specification"/>
    <property name="surefire.real.class.path" value="C:\Users\rayl5\AppData\Local\Temp\surefire12138054627991207828\surefirebooter9657267283549194696.jar"/>
    <property name="user.script" value=""/>
    <property name="sun.management.compiler" value="HotSpot 64-Bit Tiered Compilers"/>
    <property name="java.runtime.version" value="14.0.2+12-46"/>
    <property name="user.name" value="rayl5"/>
    <property name="path.separator" value=";"/>
    <property name="os.version" value="10.0"/>
    <property name="java.runtime.name" value="OpenJDK Runtime Environment"/>
    <property name="file.encoding" value="Cp1252"/>
    <property name="java.vm.name" value="OpenJDK 64-Bit Server VM"/>
    <property name="localRepository" value="C:\Users\rayl5\.m2\repository"/>
    <property name="java.vendor.url.bug" value="https://bugreport.java.com/bugreport/"/>
    <property name="java.io.tmpdir" value="C:\Users\rayl5\AppData\Local\Temp\"/>
    <property name="java.version" value="14.0.2"/>
    <property name="user.dir" value="C:\Users\rayl5\Documents\Study\com.tekschool.retail"/>
    <property name="os.arch" value="amd64"/>
    <property name="java.vm.specification.name" value="Java Virtual Machine Specification"/>
    <property name="sun.os.patch.level" value=""/>
    <property name="java.library.path" value="C:\Users\rayl5\.p2\pool\plugins\org.eclipse.justj.openjdk.hotspot.jre.full.win32.x86_64_14.0.2.v20200815-0932\jre\bin;C:\WINDOWS\Sun\Java\bin;C:\WINDOWS\system32;C:\WINDOWS;C:/Users/rayl5/.p2/pool/plugins/org.eclipse.justj.openjdk.hotspot.jre.full.win32.x86_64_14.0.2.v20200815-0932/jre/bin/server;C:/Users/rayl5/.p2/pool/plugins/org.eclipse.justj.openjdk.hotspot.jre.full.win32.x86_64_14.0.2.v20200815-0932/jre/bin;C:\Program Files (x86)\Common Files\Oracle\Java\javapath;C:\WINDOWS\system32;C:\WINDOWS;C:\WINDOWS\System32\Wbem;C:\WINDOWS\System32\WindowsPowerShell\v1.0\;C:\WINDOWS\System32\OpenSSH\;C:\Program Files\Intel\WiFi\bin\;C:\Program Files\Common Files\Intel\WirelessCommon\;C:\WebDrivers\chromedriver_win32;C:\Program Files\Java\jdk1.8.0_271\bin;C:\apache-maven-3.6.3\bin;C:\Users\rayl5\AppData\Local\Microsoft\WindowsApps;;C:\WINDOWS\System32;;."/>
    <property name="java.vm.info" value="mixed mode"/>
    <property name="java.vendor" value="Oracle Corporation"/>
    <property name="java.vm.version" value="14.0.2+12-46"/>
    <property name="sun.io.unicode.encoding" value="UnicodeLittle"/>
    <property name="java.class.version" value="58.0"/>
  </properties>
  <testcase name="Given User is on Retail website" classname="| sdet@tekschool.us | sdet |" time="0.001"/>
  <testcase name="And User click  on MyAccount" classname="| sdet@tekschool.us | sdet |" time="0"/>
  <testcase name="When User click on Login" classname="| sdet@tekschool.us | sdet |" time="0.001"/>
  <testcase name="And User enter username &apos;sdet@tekschool.us&apos; and password &apos;sdet&apos;" classname="| sdet@tekschool.us | sdet |" time="0"/>
  <testcase name="And User click on Login button" classname="| sdet@tekschool.us | sdet |" time="0"/>
  <testcase name="Then User should be logged in to MyAccount dashboard" classname="| sdet@tekschool.us | sdet |" time="0"/>
  <testcase name="| sdet@tekschool.us | sdet |" classname="| sdet@tekschool.us | sdet |" time="0.771"/>
  <testcase name="Given User is on Retail website" classname="| consumer@tekschool.us | JBond |" time="0"/>
  <testcase name="And User click  on MyAccount" classname="| consumer@tekschool.us | JBond |" time="0"/>
  <testcase name="When User click on Login" classname="| consumer@tekschool.us | JBond |" time="0.002"/>
  <testcase name="And User enter username &apos;consumer@tekschool.us&apos; and password &apos;JBond&apos;" classname="| consumer@tekschool.us | JBond |" time="0"/>
  <testcase name="And User click on Login button" classname="| consumer@tekschool.us | JBond |" time="0"/>
  <testcase name="Then User should be logged in to MyAccount dashboard" classname="| consumer@tekschool.us | JBond |" time="0"/>
  <testcase name="| consumer@tekschool.us | JBond |" classname="| consumer@tekschool.us | JBond |" time="0.72"/>
  <testcase name="Given User is on Retail website" classname="| students@tekschool.us | TEST |" time="0"/>
  <testcase name="And User click  on MyAccount" classname="| students@tekschool.us | TEST |" time="0"/>
  <testcase name="When User click on Login" classname="| students@tekschool.us | TEST |" time="0"/>
  <testcase name="And User enter username &apos;students@tekschool.us&apos; and password &apos;TEST&apos;" classname="| students@tekschool.us | TEST |" time="0"/>
  <testcase name="And User click on Login button" classname="| students@tekschool.us | TEST |" time="0"/>
  <testcase name="Then User should be logged in to MyAccount dashboard" classname="| students@tekschool.us | TEST |" time="0"/>
  <testcase name="| students@tekschool.us | TEST |" classname="| students@tekschool.us | TEST |" time="0.743"/>
</testsuite>